{"/Users/Dzmitry_Aniskovich/Documents/rs/react-study/vite-project/src/App.tsx": {"path":"/Users/Dzmitry_Aniskovich/Documents/rs/react-study/vite-project/src/App.tsx","statementMap":{"0":{"start":{"line":11,"column":2},"end":{"line":20,"column":4}}},"fnMap":{"0":{"name":"App","decl":{"start":{"line":10,"column":24},"end":{"line":10,"column":27}},"loc":{"start":{"line":10,"column":30},"end":{"line":21,"column":1}},"line":10}},"branchMap":{},"s":{"0":1},"f":{"0":1},"b":{},"_coverageSchema":"1a1c01bbd47fc00a2c39e90264f33305004495a9","hash":"cf5ef08acd32424d0dd2a47b1336ed4ac5c9729c"}
,"/Users/Dzmitry_Aniskovich/Documents/rs/react-study/vite-project/src/configuration.ts": {"path":"/Users/Dzmitry_Aniskovich/Documents/rs/react-study/vite-project/src/configuration.ts","statementMap":{"0":{"start":{"line":1,"column":15},"end":{"line":1,"column":49}}},"fnMap":{},"branchMap":{},"s":{"0":3},"f":{},"b":{},"_coverageSchema":"1a1c01bbd47fc00a2c39e90264f33305004495a9","hash":"fba5a4d4ace5deeca228475386359dd2c6a754e0"}
,"/Users/Dzmitry_Aniskovich/Documents/rs/react-study/vite-project/src/main.tsx": {"path":"/Users/Dzmitry_Aniskovich/Documents/rs/react-study/vite-project/src/main.tsx","statementMap":{"0":{"start":{"line":7,"column":0},"end":{"line":13,"column":2}}},"fnMap":{},"branchMap":{},"s":{"0":0},"f":{},"b":{}}
,"/Users/Dzmitry_Aniskovich/Documents/rs/react-study/vite-project/src/components/Layout/Layout.tsx": {"path":"/Users/Dzmitry_Aniskovich/Documents/rs/react-study/vite-project/src/components/Layout/Layout.tsx","statementMap":{"0":{"start":{"line":6,"column":2},"end":{"line":15,"column":4}}},"fnMap":{"0":{"name":"Layout","decl":{"start":{"line":5,"column":24},"end":{"line":5,"column":30}},"loc":{"start":{"line":5,"column":33},"end":{"line":16,"column":1}},"line":5}},"branchMap":{},"s":{"0":2},"f":{"0":2},"b":{},"_coverageSchema":"1a1c01bbd47fc00a2c39e90264f33305004495a9","hash":"65b02d027e45219bb88096b045e692092cd8ae59"}
,"/Users/Dzmitry_Aniskovich/Documents/rs/react-study/vite-project/src/components/add-card-form/Form.tsx": {"path":"/Users/Dzmitry_Aniskovich/Documents/rs/react-study/vite-project/src/components/add-card-form/Form.tsx","statementMap":{"0":{"start":{"line":7,"column":22},"end":{"line":7,"column":33}},"1":{"start":{"line":13,"column":6},"end":{"line":13,"column":15}},"2":{"start":{"line":16,"column":4},"end":{"line":16,"column":17}},"3":{"start":{"line":17,"column":4},"end":{"line":17,"column":18}},"4":{"start":{"line":18,"column":4},"end":{"line":18,"column":49}},"5":{"start":{"line":19,"column":4},"end":{"line":19,"column":71}},"6":{"start":{"line":20,"column":4},"end":{"line":20,"column":34}},"7":{"start":{"line":21,"column":4},"end":{"line":21,"column":41}},"8":{"start":{"line":22,"column":4},"end":{"line":22,"column":12}},"9":{"start":{"line":25,"column":2},"end":{"line":92,"column":4}}},"fnMap":{"0":{"name":"AddForm","decl":{"start":{"line":6,"column":24},"end":{"line":6,"column":31}},"loc":{"start":{"line":6,"column":88},"end":{"line":93,"column":1}},"line":6},"1":{"name":"OnSubmit","decl":{"start":{"line":15,"column":11},"end":{"line":15,"column":19}},"loc":{"start":{"line":15,"column":36},"end":{"line":23,"column":3}},"line":15}},"branchMap":{"0":{"loc":{"start":{"line":18,"column":18},"end":{"line":18,"column":48}},"type":"cond-expr","locations":[{"start":{"line":18,"column":32},"end":{"line":18,"column":39}},{"start":{"line":18,"column":42},"end":{"line":18,"column":48}}],"line":18},"1":{"loc":{"start":{"line":30,"column":9},"end":{"line":32,"column":9}},"type":"binary-expr","locations":[{"start":{"line":30,"column":9},"end":{"line":30,"column":20}},{"start":{"line":30,"column":25},"end":{"line":30,"column":56}},{"start":{"line":30,"column":60},"end":{"line":30,"column":92}},{"start":{"line":31,"column":10},"end":{"line":31,"column":56}}],"line":30},"2":{"loc":{"start":{"line":48,"column":9},"end":{"line":50,"column":9}},"type":"binary-expr","locations":[{"start":{"line":48,"column":9},"end":{"line":48,"column":23}},{"start":{"line":48,"column":27},"end":{"line":48,"column":61}},{"start":{"line":49,"column":10},"end":{"line":49,"column":57}}],"line":48},"3":{"loc":{"start":{"line":72,"column":9},"end":{"line":74,"column":9}},"type":"binary-expr","locations":[{"start":{"line":72,"column":9},"end":{"line":72,"column":22}},{"start":{"line":72,"column":26},"end":{"line":72,"column":59}},{"start":{"line":73,"column":10},"end":{"line":73,"column":56}}],"line":72},"4":{"loc":{"start":{"line":79,"column":9},"end":{"line":81,"column":9}},"type":"binary-expr","locations":[{"start":{"line":79,"column":9},"end":{"line":79,"column":23}},{"start":{"line":79,"column":27},"end":{"line":79,"column":61}},{"start":{"line":80,"column":10},"end":{"line":80,"column":61}}],"line":79},"5":{"loc":{"start":{"line":86,"column":9},"end":{"line":88,"column":9}},"type":"binary-expr","locations":[{"start":{"line":86,"column":9},"end":{"line":86,"column":21}},{"start":{"line":86,"column":25},"end":{"line":86,"column":57}},{"start":{"line":87,"column":10},"end":{"line":87,"column":54}}],"line":86}},"s":{"0":1,"1":1,"2":0,"3":0,"4":0,"5":0,"6":0,"7":0,"8":0,"9":1},"f":{"0":1,"1":0},"b":{"0":[0,0],"1":[1,0,0,0],"2":[1,0,0],"3":[1,0,0],"4":[1,0,0],"5":[1,0,0]},"_coverageSchema":"1a1c01bbd47fc00a2c39e90264f33305004495a9","hash":"6a85e4fe4a06ddd6ea5c5a598d875d7e16344891"}
,"/Users/Dzmitry_Aniskovich/Documents/rs/react-study/vite-project/src/components/card-item/index.tsx": {"path":"/Users/Dzmitry_Aniskovich/Documents/rs/react-study/vite-project/src/components/card-item/index.tsx","statementMap":{"0":{"start":{"line":5,"column":2},"end":{"line":10,"column":4}}},"fnMap":{"0":{"name":"CardItem","decl":{"start":{"line":4,"column":24},"end":{"line":4,"column":32}},"loc":{"start":{"line":4,"column":83},"end":{"line":11,"column":1}},"line":4}},"branchMap":{"0":{"loc":{"start":{"line":8,"column":13},"end":{"line":8,"column":30}},"type":"binary-expr","locations":[{"start":{"line":8,"column":13},"end":{"line":8,"column":17}},{"start":{"line":8,"column":21},"end":{"line":8,"column":30}}],"line":8}},"s":{"0":0},"f":{"0":0},"b":{"0":[0,0]},"_coverageSchema":"1a1c01bbd47fc00a2c39e90264f33305004495a9","hash":"634ef1766c3f161182ea5d7e89346c6343954c12"}
,"/Users/Dzmitry_Aniskovich/Documents/rs/react-study/vite-project/src/components/error/index.tsx": {"path":"/Users/Dzmitry_Aniskovich/Documents/rs/react-study/vite-project/src/components/error/index.tsx","statementMap":{"0":{"start":{"line":5,"column":2},"end":{"line":5,"column":68}}},"fnMap":{"0":{"name":"Error","decl":{"start":{"line":4,"column":24},"end":{"line":4,"column":29}},"loc":{"start":{"line":4,"column":58},"end":{"line":6,"column":1}},"line":4}},"branchMap":{},"s":{"0":0},"f":{"0":0},"b":{},"_coverageSchema":"1a1c01bbd47fc00a2c39e90264f33305004495a9","hash":"1ecef62ab933cc76a3c07b92c5e1236437613389"}
,"/Users/Dzmitry_Aniskovich/Documents/rs/react-study/vite-project/src/components/img/img.tsx": {"path":"/Users/Dzmitry_Aniskovich/Documents/rs/react-study/vite-project/src/components/img/img.tsx","statementMap":{"0":{"start":{"line":10,"column":29},"end":{"line":10,"column":34}},"1":{"start":{"line":11,"column":2},"end":{"line":15,"column":4}}},"fnMap":{"0":{"name":"Img","decl":{"start":{"line":9,"column":24},"end":{"line":9,"column":27}},"loc":{"start":{"line":9,"column":44},"end":{"line":16,"column":1}},"line":9}},"branchMap":{},"s":{"0":5,"1":5},"f":{"0":5},"b":{},"_coverageSchema":"1a1c01bbd47fc00a2c39e90264f33305004495a9","hash":"4e8df2a40eb912e2054089171a7d0d57e4d91f2a"}
,"/Users/Dzmitry_Aniskovich/Documents/rs/react-study/vite-project/src/components/loading-spinner/index.tsx": {"path":"/Users/Dzmitry_Aniskovich/Documents/rs/react-study/vite-project/src/components/loading-spinner/index.tsx","statementMap":{"0":{"start":{"line":5,"column":2},"end":{"line":11,"column":4}}},"fnMap":{"0":{"name":"Spinner","decl":{"start":{"line":4,"column":24},"end":{"line":4,"column":31}},"loc":{"start":{"line":4,"column":34},"end":{"line":12,"column":1}},"line":4}},"branchMap":{},"s":{"0":2},"f":{"0":2},"b":{},"_coverageSchema":"1a1c01bbd47fc00a2c39e90264f33305004495a9","hash":"bc000dc67b772ed25aec943441e621d552c665a0"}
,"/Users/Dzmitry_Aniskovich/Documents/rs/react-study/vite-project/src/components/modal/modal.tsx": {"path":"/Users/Dzmitry_Aniskovich/Documents/rs/react-study/vite-project/src/components/modal/modal.tsx","statementMap":{"0":{"start":{"line":8,"column":2},"end":{"line":26,"column":4}}},"fnMap":{"0":{"name":"Modal","decl":{"start":{"line":7,"column":9},"end":{"line":7,"column":14}},"loc":{"start":{"line":7,"column":83},"end":{"line":27,"column":1}},"line":7}},"branchMap":{"0":{"loc":{"start":{"line":17,"column":11},"end":{"line":17,"column":79}},"type":"binary-expr","locations":[{"start":{"line":17,"column":11},"end":{"line":17,"column":22}},{"start":{"line":17,"column":26},"end":{"line":17,"column":79}}],"line":17},"1":{"loc":{"start":{"line":18,"column":11},"end":{"line":18,"column":85}},"type":"binary-expr","locations":[{"start":{"line":18,"column":11},"end":{"line":18,"column":24}},{"start":{"line":18,"column":28},"end":{"line":18,"column":85}}],"line":18}},"s":{"0":0},"f":{"0":0},"b":{"0":[0,0],"1":[0,0]},"_coverageSchema":"1a1c01bbd47fc00a2c39e90264f33305004495a9","hash":"d1a50a9fd62de47684dfd2d79f0117aa7ae3f996"}
,"/Users/Dzmitry_Aniskovich/Documents/rs/react-study/vite-project/src/components/search-input/search-input.tsx": {"path":"/Users/Dzmitry_Aniskovich/Documents/rs/react-study/vite-project/src/components/search-input/search-input.tsx","statementMap":{"0":{"start":{"line":8,"column":32},"end":{"line":8,"column":45}},"1":{"start":{"line":9,"column":28},"end":{"line":9,"column":87}},"2":{"start":{"line":11,"column":2},"end":{"line":15,"column":5}},"3":{"start":{"line":12,"column":4},"end":{"line":14,"column":6}},"4":{"start":{"line":13,"column":6},"end":{"line":13,"column":63}},"5":{"start":{"line":18,"column":4},"end":{"line":36,"column":5}},"6":{"start":{"line":19,"column":6},"end":{"line":19,"column":54}},"7":{"start":{"line":20,"column":6},"end":{"line":35,"column":11}},"8":{"start":{"line":22,"column":10},"end":{"line":24,"column":11}},"9":{"start":{"line":23,"column":12},"end":{"line":23,"column":62}},"10":{"start":{"line":25,"column":10},"end":{"line":25,"column":28}},"11":{"start":{"line":28,"column":10},"end":{"line":28,"column":74}},"12":{"start":{"line":31,"column":10},"end":{"line":34,"column":13}},"13":{"start":{"line":39,"column":2},"end":{"line":48,"column":4}},"14":{"start":{"line":43,"column":8},"end":{"line":43,"column":33}}},"fnMap":{"0":{"name":"SearchInput","decl":{"start":{"line":5,"column":24},"end":{"line":5,"column":35}},"loc":{"start":{"line":7,"column":3},"end":{"line":49,"column":1}},"line":7},"1":{"name":"(anonymous_1)","decl":{"start":{"line":11,"column":12},"end":{"line":11,"column":13}},"loc":{"start":{"line":11,"column":18},"end":{"line":15,"column":3}},"line":11},"2":{"name":"(anonymous_2)","decl":{"start":{"line":12,"column":11},"end":{"line":12,"column":12}},"loc":{"start":{"line":12,"column":17},"end":{"line":14,"column":5}},"line":12},"3":{"name":"handleKeyDown","decl":{"start":{"line":17,"column":11},"end":{"line":17,"column":24}},"loc":{"start":{"line":17,"column":49},"end":{"line":37,"column":3}},"line":17},"4":{"name":"(anonymous_4)","decl":{"start":{"line":21,"column":14},"end":{"line":21,"column":15}},"loc":{"start":{"line":21,"column":23},"end":{"line":26,"column":9}},"line":21},"5":{"name":"(anonymous_5)","decl":{"start":{"line":27,"column":14},"end":{"line":27,"column":15}},"loc":{"start":{"line":27,"column":24},"end":{"line":29,"column":9}},"line":27},"6":{"name":"(anonymous_6)","decl":{"start":{"line":30,"column":15},"end":{"line":30,"column":16}},"loc":{"start":{"line":30,"column":24},"end":{"line":35,"column":9}},"line":30},"7":{"name":"(anonymous_7)","decl":{"start":{"line":42,"column":16},"end":{"line":42,"column":17}},"loc":{"start":{"line":42,"column":23},"end":{"line":44,"column":7}},"line":42}},"branchMap":{"0":{"loc":{"start":{"line":9,"column":37},"end":{"line":9,"column":86}},"type":"binary-expr","locations":[{"start":{"line":9,"column":37},"end":{"line":9,"column":80}},{"start":{"line":9,"column":84},"end":{"line":9,"column":86}}],"line":9},"1":{"loc":{"start":{"line":13,"column":50},"end":{"line":13,"column":61}},"type":"binary-expr","locations":[{"start":{"line":13,"column":50},"end":{"line":13,"column":55}},{"start":{"line":13,"column":59},"end":{"line":13,"column":61}}],"line":13},"2":{"loc":{"start":{"line":18,"column":4},"end":{"line":36,"column":5}},"type":"if","locations":[{"start":{"line":18,"column":4},"end":{"line":36,"column":5}},{"start":{},"end":{}}],"line":18},"3":{"loc":{"start":{"line":22,"column":10},"end":{"line":24,"column":11}},"type":"if","locations":[{"start":{"line":22,"column":10},"end":{"line":24,"column":11}},{"start":{},"end":{}}],"line":22}},"s":{"0":5,"1":5,"2":5,"3":5,"4":5,"5":0,"6":0,"7":0,"8":0,"9":0,"10":0,"11":0,"12":0,"13":5,"14":1},"f":{"0":5,"1":5,"2":5,"3":0,"4":0,"5":0,"6":0,"7":1},"b":{"0":[5,5],"1":[5,4],"2":[0,0],"3":[0,0]},"_coverageSchema":"1a1c01bbd47fc00a2c39e90264f33305004495a9","hash":"5d2ecf5b39634ae943ad9ae0fa0c98402a49259e"}
,"/Users/Dzmitry_Aniskovich/Documents/rs/react-study/vite-project/src/components/tile/tile.tsx": {"path":"/Users/Dzmitry_Aniskovich/Documents/rs/react-study/vite-project/src/components/tile/tile.tsx","statementMap":{"0":{"start":{"line":7,"column":35},"end":{"line":7,"column":40}},"1":{"start":{"line":8,"column":23},"end":{"line":8,"column":41}},"2":{"start":{"line":10,"column":15},"end":{"line":10,"column":37}},"3":{"start":{"line":11,"column":18},"end":{"line":16,"column":26}},"4":{"start":{"line":18,"column":2},"end":{"line":37,"column":4}},"5":{"start":{"line":19,"column":62},"end":{"line":19,"column":82}}},"fnMap":{"0":{"name":"Tile","decl":{"start":{"line":6,"column":24},"end":{"line":6,"column":28}},"loc":{"start":{"line":6,"column":98},"end":{"line":38,"column":1}},"line":6},"1":{"name":"(anonymous_1)","decl":{"start":{"line":19,"column":56},"end":{"line":19,"column":57}},"loc":{"start":{"line":19,"column":62},"end":{"line":19,"column":82}},"line":19}},"branchMap":{},"s":{"0":1,"1":1,"2":1,"3":1,"4":1,"5":0},"f":{"0":1,"1":0},"b":{},"_coverageSchema":"1a1c01bbd47fc00a2c39e90264f33305004495a9","hash":"3d03a6051242d27225f026adc91fae651d9b1913"}
,"/Users/Dzmitry_Aniskovich/Documents/rs/react-study/vite-project/src/components/tiles-list/tiles-list.tsx": {"path":"/Users/Dzmitry_Aniskovich/Documents/rs/react-study/vite-project/src/components/tiles-list/tiles-list.tsx","statementMap":{"0":{"start":{"line":9,"column":2},"end":{"line":15,"column":4}},"1":{"start":{"line":12,"column":8},"end":{"line":12,"column":80}}},"fnMap":{"0":{"name":"TilesList","decl":{"start":{"line":5,"column":24},"end":{"line":5,"column":33}},"loc":{"start":{"line":8,"column":3},"end":{"line":16,"column":1}},"line":8},"1":{"name":"(anonymous_1)","decl":{"start":{"line":11,"column":23},"end":{"line":11,"column":24}},"loc":{"start":{"line":12,"column":8},"end":{"line":12,"column":80}},"line":12}},"branchMap":{},"s":{"0":3,"1":0},"f":{"0":3,"1":0},"b":{},"_coverageSchema":"1a1c01bbd47fc00a2c39e90264f33305004495a9","hash":"dce9369e77c4beb998d8a4f13db2f52763d2d1b1"}
,"/Users/Dzmitry_Aniskovich/Documents/rs/react-study/vite-project/src/components/validation-error/validation-error.tsx": {"path":"/Users/Dzmitry_Aniskovich/Documents/rs/react-study/vite-project/src/components/validation-error/validation-error.tsx","statementMap":{"0":{"start":{"line":4,"column":2},"end":{"line":4,"column":59}}},"fnMap":{"0":{"name":"ValidationError","decl":{"start":{"line":3,"column":24},"end":{"line":3,"column":39}},"loc":{"start":{"line":3,"column":68},"end":{"line":5,"column":1}},"line":3}},"branchMap":{},"s":{"0":0},"f":{"0":0},"b":{},"_coverageSchema":"1a1c01bbd47fc00a2c39e90264f33305004495a9","hash":"50285dc41f569afb7d88fb5254c7b757c833d4c2"}
,"/Users/Dzmitry_Aniskovich/Documents/rs/react-study/vite-project/src/pages/about/About.tsx": {"path":"/Users/Dzmitry_Aniskovich/Documents/rs/react-study/vite-project/src/pages/about/About.tsx","statementMap":{"0":{"start":{"line":4,"column":2},"end":{"line":4,"column":52}}},"fnMap":{"0":{"name":"About","decl":{"start":{"line":3,"column":24},"end":{"line":3,"column":29}},"loc":{"start":{"line":3,"column":32},"end":{"line":5,"column":1}},"line":3}},"branchMap":{},"s":{"0":1},"f":{"0":1},"b":{},"_coverageSchema":"1a1c01bbd47fc00a2c39e90264f33305004495a9","hash":"fcb54c31d60b71507a419ee13714d7b99914a5d1"}
,"/Users/Dzmitry_Aniskovich/Documents/rs/react-study/vite-project/src/pages/custom/Custom.tsx": {"path":"/Users/Dzmitry_Aniskovich/Documents/rs/react-study/vite-project/src/pages/custom/Custom.tsx","statementMap":{"0":{"start":{"line":7,"column":32},"end":{"line":7,"column":56}},"1":{"start":{"line":10,"column":4},"end":{"line":10,"column":50}},"2":{"start":{"line":10,"column":28},"end":{"line":10,"column":48}},"3":{"start":{"line":13,"column":2},"end":{"line":18,"column":4}}},"fnMap":{"0":{"name":"Custom","decl":{"start":{"line":6,"column":24},"end":{"line":6,"column":30}},"loc":{"start":{"line":6,"column":33},"end":{"line":19,"column":1}},"line":6},"1":{"name":"HandleFormSubmit","decl":{"start":{"line":9,"column":11},"end":{"line":9,"column":27}},"loc":{"start":{"line":9,"column":44},"end":{"line":11,"column":3}},"line":9},"2":{"name":"(anonymous_2)","decl":{"start":{"line":10,"column":13},"end":{"line":10,"column":14}},"loc":{"start":{"line":10,"column":28},"end":{"line":10,"column":48}},"line":10}},"branchMap":{},"s":{"0":1,"1":0,"2":0,"3":1},"f":{"0":1,"1":0,"2":0},"b":{},"_coverageSchema":"1a1c01bbd47fc00a2c39e90264f33305004495a9","hash":"b0e878b09b23cd82d52eaeba177f88222546a4a7"}
,"/Users/Dzmitry_Aniskovich/Documents/rs/react-study/vite-project/src/pages/home/Home.tsx": {"path":"/Users/Dzmitry_Aniskovich/Documents/rs/react-study/vite-project/src/pages/home/Home.tsx","statementMap":{"0":{"start":{"line":12,"column":28},"end":{"line":12,"column":52}},"1":{"start":{"line":13,"column":36},"end":{"line":13,"column":50}},"2":{"start":{"line":14,"column":28},"end":{"line":14,"column":57}},"3":{"start":{"line":15,"column":40},"end":{"line":15,"column":71}},"4":{"start":{"line":17,"column":21},"end":{"line":17,"column":34}},"5":{"start":{"line":19,"column":2},"end":{"line":40,"column":9}},"6":{"start":{"line":20,"column":4},"end":{"line":39,"column":5}},"7":{"start":{"line":21,"column":6},"end":{"line":21,"column":32}},"8":{"start":{"line":23,"column":6},"end":{"line":38,"column":11}},"9":{"start":{"line":25,"column":10},"end":{"line":27,"column":11}},"10":{"start":{"line":26,"column":12},"end":{"line":26,"column":52}},"11":{"start":{"line":28,"column":10},"end":{"line":28,"column":28}},"12":{"start":{"line":31,"column":10},"end":{"line":31,"column":33}},"13":{"start":{"line":32,"column":10},"end":{"line":32,"column":30}},"14":{"start":{"line":33,"column":10},"end":{"line":33,"column":25}},"15":{"start":{"line":36,"column":10},"end":{"line":36,"column":32}},"16":{"start":{"line":37,"column":10},"end":{"line":37,"column":30}},"17":{"start":{"line":43,"column":4},"end":{"line":55,"column":5}},"18":{"start":{"line":44,"column":6},"end":{"line":44,"column":35}},"19":{"start":{"line":45,"column":6},"end":{"line":45,"column":26}},"20":{"start":{"line":46,"column":6},"end":{"line":46,"column":21}},"21":{"start":{"line":47,"column":11},"end":{"line":55,"column":5}},"22":{"start":{"line":48,"column":6},"end":{"line":48,"column":19}},"23":{"start":{"line":49,"column":6},"end":{"line":49,"column":25}},"24":{"start":{"line":50,"column":6},"end":{"line":50,"column":21}},"25":{"start":{"line":52,"column":6},"end":{"line":52,"column":19}},"26":{"start":{"line":53,"column":6},"end":{"line":53,"column":26}},"27":{"start":{"line":54,"column":6},"end":{"line":54,"column":67}},"28":{"start":{"line":58,"column":2},"end":{"line":67,"column":4}},"29":{"start":{"line":65,"column":48},"end":{"line":65,"column":68}}},"fnMap":{"0":{"name":"Home","decl":{"start":{"line":11,"column":24},"end":{"line":11,"column":28}},"loc":{"start":{"line":11,"column":31},"end":{"line":68,"column":1}},"line":11},"1":{"name":"(anonymous_1)","decl":{"start":{"line":19,"column":12},"end":{"line":19,"column":13}},"loc":{"start":{"line":19,"column":18},"end":{"line":40,"column":3}},"line":19},"2":{"name":"(anonymous_2)","decl":{"start":{"line":24,"column":14},"end":{"line":24,"column":15}},"loc":{"start":{"line":24,"column":23},"end":{"line":29,"column":9}},"line":24},"3":{"name":"(anonymous_3)","decl":{"start":{"line":30,"column":14},"end":{"line":30,"column":15}},"loc":{"start":{"line":30,"column":24},"end":{"line":34,"column":9}},"line":30},"4":{"name":"(anonymous_4)","decl":{"start":{"line":35,"column":15},"end":{"line":35,"column":16}},"loc":{"start":{"line":35,"column":24},"end":{"line":38,"column":9}},"line":35},"5":{"name":"handleSearchFilter","decl":{"start":{"line":42,"column":11},"end":{"line":42,"column":29}},"loc":{"start":{"line":42,"column":55},"end":{"line":56,"column":3}},"line":42},"6":{"name":"(anonymous_6)","decl":{"start":{"line":65,"column":42},"end":{"line":65,"column":43}},"loc":{"start":{"line":65,"column":48},"end":{"line":65,"column":68}},"line":65}},"branchMap":{"0":{"loc":{"start":{"line":20,"column":4},"end":{"line":39,"column":5}},"type":"if","locations":[{"start":{"line":20,"column":4},"end":{"line":39,"column":5}},{"start":{},"end":{}}],"line":20},"1":{"loc":{"start":{"line":25,"column":10},"end":{"line":27,"column":11}},"type":"if","locations":[{"start":{"line":25,"column":10},"end":{"line":27,"column":11}},{"start":{},"end":{}}],"line":25},"2":{"loc":{"start":{"line":43,"column":4},"end":{"line":55,"column":5}},"type":"if","locations":[{"start":{"line":43,"column":4},"end":{"line":55,"column":5}},{"start":{"line":47,"column":11},"end":{"line":55,"column":5}}],"line":43},"3":{"loc":{"start":{"line":44,"column":15},"end":{"line":44,"column":33}},"type":"binary-expr","locations":[{"start":{"line":44,"column":15},"end":{"line":44,"column":27}},{"start":{"line":44,"column":31},"end":{"line":44,"column":33}}],"line":44},"4":{"loc":{"start":{"line":47,"column":11},"end":{"line":55,"column":5}},"type":"if","locations":[{"start":{"line":47,"column":11},"end":{"line":55,"column":5}},{"start":{"line":51,"column":11},"end":{"line":55,"column":5}}],"line":47},"5":{"loc":{"start":{"line":54,"column":15},"end":{"line":54,"column":65}},"type":"binary-expr","locations":[{"start":{"line":54,"column":15},"end":{"line":54,"column":34}},{"start":{"line":54,"column":38},"end":{"line":54,"column":65}}],"line":54},"6":{"loc":{"start":{"line":61,"column":7},"end":{"line":61,"column":48}},"type":"binary-expr","locations":[{"start":{"line":61,"column":7},"end":{"line":61,"column":12}},{"start":{"line":61,"column":16},"end":{"line":61,"column":48}}],"line":61},"7":{"loc":{"start":{"line":62,"column":7},"end":{"line":62,"column":31}},"type":"binary-expr","locations":[{"start":{"line":62,"column":7},"end":{"line":62,"column":16}},{"start":{"line":62,"column":20},"end":{"line":62,"column":31}}],"line":62},"8":{"loc":{"start":{"line":64,"column":7},"end":{"line":64,"column":75}},"type":"binary-expr","locations":[{"start":{"line":64,"column":7},"end":{"line":64,"column":12}},{"start":{"line":64,"column":16},"end":{"line":64,"column":75}}],"line":64},"9":{"loc":{"start":{"line":65,"column":7},"end":{"line":65,"column":91}},"type":"binary-expr","locations":[{"start":{"line":65,"column":7},"end":{"line":65,"column":18}},{"start":{"line":65,"column":22},"end":{"line":65,"column":91}}],"line":65}},"s":{"0":2,"1":2,"2":2,"3":2,"4":2,"5":2,"6":2,"7":2,"8":2,"9":0,"10":0,"11":0,"12":0,"13":0,"14":0,"15":0,"16":0,"17":0,"18":0,"19":0,"20":0,"21":0,"22":0,"23":0,"24":0,"25":0,"26":0,"27":0,"28":2,"29":0},"f":{"0":2,"1":2,"2":0,"3":0,"4":0,"5":0,"6":0},"b":{"0":[2,0],"1":[0,0],"2":[0,0],"3":[0,0],"4":[0,0],"5":[0,0],"6":[2,0],"7":[2,2],"8":[2,2],"9":[2,0]},"_coverageSchema":"1a1c01bbd47fc00a2c39e90264f33305004495a9","hash":"6bc62b59d746f23f5fa6e3d7a8ce41d44f9d42c9"}
,"/Users/Dzmitry_Aniskovich/Documents/rs/react-study/vite-project/src/pages/notFound/NotFound.tsx": {"path":"/Users/Dzmitry_Aniskovich/Documents/rs/react-study/vite-project/src/pages/notFound/NotFound.tsx","statementMap":{"0":{"start":{"line":4,"column":2},"end":{"line":4,"column":52}}},"fnMap":{"0":{"name":"notFound","decl":{"start":{"line":3,"column":24},"end":{"line":3,"column":32}},"loc":{"start":{"line":3,"column":35},"end":{"line":5,"column":1}},"line":3}},"branchMap":{},"s":{"0":1},"f":{"0":1},"b":{},"_coverageSchema":"1a1c01bbd47fc00a2c39e90264f33305004495a9","hash":"e73873cf75610a9f3bc0e50edbfb9b542740443c"}
,"/Users/Dzmitry_Aniskovich/Documents/rs/react-study/vite-project/src/types/api-response.ts": {"path":"/Users/Dzmitry_Aniskovich/Documents/rs/react-study/vite-project/src/types/api-response.ts","statementMap":{},"fnMap":{},"branchMap":{},"s":{},"f":{},"b":{}}
,"/Users/Dzmitry_Aniskovich/Documents/rs/react-study/vite-project/src/types/input.ts": {"path":"/Users/Dzmitry_Aniskovich/Documents/rs/react-study/vite-project/src/types/input.ts","statementMap":{},"fnMap":{},"branchMap":{},"s":{},"f":{},"b":{}}
,"/Users/Dzmitry_Aniskovich/Documents/rs/react-study/vite-project/src/types/node.ts": {"path":"/Users/Dzmitry_Aniskovich/Documents/rs/react-study/vite-project/src/types/node.ts","statementMap":{},"fnMap":{},"branchMap":{},"s":{},"f":{},"b":{}}
,"/Users/Dzmitry_Aniskovich/Documents/rs/react-study/vite-project/src/types/validation-error.ts": {"path":"/Users/Dzmitry_Aniskovich/Documents/rs/react-study/vite-project/src/types/validation-error.ts","statementMap":{},"fnMap":{},"branchMap":{},"s":{},"f":{},"b":{}}
}
