{"/Users/Dzmitry_Aniskovich/Documents/rs/react-study/vite-project/src/App.tsx": {"path":"/Users/Dzmitry_Aniskovich/Documents/rs/react-study/vite-project/src/App.tsx","statementMap":{"0":{"start":{"line":10,"column":2},"end":{"line":20,"column":4}}},"fnMap":{"0":{"name":"App","decl":{"start":{"line":9,"column":24},"end":{"line":9,"column":27}},"loc":{"start":{"line":9,"column":30},"end":{"line":21,"column":1}},"line":9}},"branchMap":{},"s":{"0":1},"f":{"0":1},"b":{},"_coverageSchema":"1a1c01bbd47fc00a2c39e90264f33305004495a9","hash":"bab34cc91c65a3ddab57b46edc3dc45908c812cd"}
,"/Users/Dzmitry_Aniskovich/Documents/rs/react-study/vite-project/src/main.tsx": {"path":"/Users/Dzmitry_Aniskovich/Documents/rs/react-study/vite-project/src/main.tsx","statementMap":{"0":{"start":{"line":7,"column":0},"end":{"line":13,"column":2}}},"fnMap":{},"branchMap":{},"s":{"0":0},"f":{},"b":{}}
,"/Users/Dzmitry_Aniskovich/Documents/rs/react-study/vite-project/src/assets/data.ts": {"path":"/Users/Dzmitry_Aniskovich/Documents/rs/react-study/vite-project/src/assets/data.ts","statementMap":{"0":{"start":{"line":1,"column":13},"end":{"line":74,"column":1}}},"fnMap":{},"branchMap":{},"s":{"0":2},"f":{},"b":{},"_coverageSchema":"1a1c01bbd47fc00a2c39e90264f33305004495a9","hash":"80ed3f5a1f680dbaef8c0025ff59188b7f477b49"}
,"/Users/Dzmitry_Aniskovich/Documents/rs/react-study/vite-project/src/components/img/img.tsx": {"path":"/Users/Dzmitry_Aniskovich/Documents/rs/react-study/vite-project/src/components/img/img.tsx","statementMap":{"0":{"start":{"line":11,"column":31},"end":{"line":11,"column":41}},"1":{"start":{"line":12,"column":4},"end":{"line":16,"column":6}}},"fnMap":{"0":{"name":"(anonymous_0)","decl":{"start":{"line":10,"column":2},"end":{"line":10,"column":3}},"loc":{"start":{"line":10,"column":11},"end":{"line":17,"column":3}},"line":10}},"branchMap":{},"s":{"0":77,"1":77},"f":{"0":77},"b":{},"_coverageSchema":"1a1c01bbd47fc00a2c39e90264f33305004495a9","hash":"57985f8185d649d21013736400855aa2eeb949b8"}
,"/Users/Dzmitry_Aniskovich/Documents/rs/react-study/vite-project/src/components/layout/Layout.tsx": {"path":"/Users/Dzmitry_Aniskovich/Documents/rs/react-study/vite-project/src/components/layout/Layout.tsx","statementMap":{"0":{"start":{"line":7,"column":4},"end":{"line":15,"column":6}}},"fnMap":{"0":{"name":"(anonymous_0)","decl":{"start":{"line":6,"column":2},"end":{"line":6,"column":3}},"loc":{"start":{"line":6,"column":11},"end":{"line":16,"column":3}},"line":6}},"branchMap":{},"s":{"0":2},"f":{"0":2},"b":{},"_coverageSchema":"1a1c01bbd47fc00a2c39e90264f33305004495a9","hash":"e6f77227795e7005fc8c59777c8269a07e73e01c"}
,"/Users/Dzmitry_Aniskovich/Documents/rs/react-study/vite-project/src/components/search-input/search-input.tsx": {"path":"/Users/Dzmitry_Aniskovich/Documents/rs/react-study/vite-project/src/components/search-input/search-input.tsx","statementMap":{"0":{"start":{"line":8,"column":26},"end":{"line":8,"column":39}},"1":{"start":{"line":11,"column":4},"end":{"line":11,"column":17}},"2":{"start":{"line":12,"column":4},"end":{"line":12,"column":83}},"3":{"start":{"line":16,"column":4},"end":{"line":16,"column":77}},"4":{"start":{"line":20,"column":4},"end":{"line":20,"column":45}},"5":{"start":{"line":24,"column":4},"end":{"line":30,"column":6}},"6":{"start":{"line":27,"column":25},"end":{"line":27,"column":50}}},"fnMap":{"0":{"name":"(anonymous_0)","decl":{"start":{"line":10,"column":2},"end":{"line":10,"column":3}},"loc":{"start":{"line":10,"column":58},"end":{"line":13,"column":3}},"line":10},"1":{"name":"(anonymous_1)","decl":{"start":{"line":15,"column":2},"end":{"line":15,"column":3}},"loc":{"start":{"line":15,"column":31},"end":{"line":17,"column":3}},"line":15},"2":{"name":"(anonymous_2)","decl":{"start":{"line":19,"column":2},"end":{"line":19,"column":3}},"loc":{"start":{"line":19,"column":60},"end":{"line":21,"column":3}},"line":19},"3":{"name":"(anonymous_3)","decl":{"start":{"line":23,"column":2},"end":{"line":23,"column":3}},"loc":{"start":{"line":23,"column":11},"end":{"line":31,"column":3}},"line":23},"4":{"name":"(anonymous_4)","decl":{"start":{"line":27,"column":18},"end":{"line":27,"column":19}},"loc":{"start":{"line":27,"column":25},"end":{"line":27,"column":50}},"line":27}},"branchMap":{"0":{"loc":{"start":{"line":12,"column":26},"end":{"line":12,"column":80}},"type":"binary-expr","locations":[{"start":{"line":12,"column":26},"end":{"line":12,"column":74}},{"start":{"line":12,"column":78},"end":{"line":12,"column":80}}],"line":12},"1":{"loc":{"start":{"line":16,"column":53},"end":{"line":16,"column":75}},"type":"binary-expr","locations":[{"start":{"line":16,"column":53},"end":{"line":16,"column":69}},{"start":{"line":16,"column":73},"end":{"line":16,"column":75}}],"line":16}},"s":{"0":5,"1":5,"2":5,"3":5,"4":1,"5":6,"6":1},"f":{"0":5,"1":5,"2":1,"3":6,"4":1},"b":{"0":[5,5],"1":[5,4]},"_coverageSchema":"1a1c01bbd47fc00a2c39e90264f33305004495a9","hash":"bb63460ff82f45f1df79e2ec1c72463c0b7b7e2a"}
,"/Users/Dzmitry_Aniskovich/Documents/rs/react-study/vite-project/src/components/tile/tile.tsx": {"path":"/Users/Dzmitry_Aniskovich/Documents/rs/react-study/vite-project/src/components/tile/tile.tsx","statementMap":{"0":{"start":{"line":19,"column":17},"end":{"line":19,"column":32}},"1":{"start":{"line":20,"column":25},"end":{"line":20,"column":43}},"2":{"start":{"line":22,"column":17},"end":{"line":22,"column":39}},"3":{"start":{"line":23,"column":20},"end":{"line":28,"column":28}},"4":{"start":{"line":30,"column":4},"end":{"line":49,"column":6}}},"fnMap":{"0":{"name":"(anonymous_0)","decl":{"start":{"line":18,"column":2},"end":{"line":18,"column":3}},"loc":{"start":{"line":18,"column":11},"end":{"line":50,"column":3}},"line":18}},"branchMap":{},"s":{"0":25,"1":25,"2":25,"3":25,"4":25},"f":{"0":25},"b":{},"_coverageSchema":"1a1c01bbd47fc00a2c39e90264f33305004495a9","hash":"853d4a682ec12f5368a27cd03134c0229bf33b75"}
,"/Users/Dzmitry_Aniskovich/Documents/rs/react-study/vite-project/src/pages/about/About.tsx": {"path":"/Users/Dzmitry_Aniskovich/Documents/rs/react-study/vite-project/src/pages/about/About.tsx","statementMap":{"0":{"start":{"line":5,"column":4},"end":{"line":5,"column":54}}},"fnMap":{"0":{"name":"(anonymous_0)","decl":{"start":{"line":4,"column":2},"end":{"line":4,"column":3}},"loc":{"start":{"line":4,"column":11},"end":{"line":6,"column":3}},"line":4}},"branchMap":{},"s":{"0":1},"f":{"0":1},"b":{},"_coverageSchema":"1a1c01bbd47fc00a2c39e90264f33305004495a9","hash":"6183d377fa6f7ec8859b41251bd99fb9b8172299"}
,"/Users/Dzmitry_Aniskovich/Documents/rs/react-study/vite-project/src/pages/home/Home.tsx": {"path":"/Users/Dzmitry_Aniskovich/Documents/rs/react-study/vite-project/src/pages/home/Home.tsx","statementMap":{"0":{"start":{"line":7,"column":10},"end":{"line":7,"column":20}},"1":{"start":{"line":10,"column":4},"end":{"line":19,"column":6}},"2":{"start":{"line":15,"column":12},"end":{"line":15,"column":46}},"3":{"start":{"line":24,"column":2},"end":{"line":24,"column":14}}},"fnMap":{"0":{"name":"(anonymous_0)","decl":{"start":{"line":9,"column":2},"end":{"line":9,"column":3}},"loc":{"start":{"line":9,"column":11},"end":{"line":20,"column":3}},"line":9},"1":{"name":"(anonymous_1)","decl":{"start":{"line":14,"column":26},"end":{"line":14,"column":27}},"loc":{"start":{"line":15,"column":12},"end":{"line":15,"column":46}},"line":15},"2":{"name":"getNodes","decl":{"start":{"line":23,"column":9},"end":{"line":23,"column":17}},"loc":{"start":{"line":23,"column":20},"end":{"line":25,"column":1}},"line":23}},"branchMap":{},"s":{"0":3,"1":3,"2":24,"3":3},"f":{"0":3,"1":24,"2":3},"b":{},"_coverageSchema":"1a1c01bbd47fc00a2c39e90264f33305004495a9","hash":"33c8cecfdab14e056dee2727492b599fe29b84e9"}
,"/Users/Dzmitry_Aniskovich/Documents/rs/react-study/vite-project/src/pages/notFound/NotFound.tsx": {"path":"/Users/Dzmitry_Aniskovich/Documents/rs/react-study/vite-project/src/pages/notFound/NotFound.tsx","statementMap":{"0":{"start":{"line":5,"column":4},"end":{"line":5,"column":54}}},"fnMap":{"0":{"name":"(anonymous_0)","decl":{"start":{"line":4,"column":2},"end":{"line":4,"column":3}},"loc":{"start":{"line":4,"column":11},"end":{"line":6,"column":3}},"line":4}},"branchMap":{},"s":{"0":1},"f":{"0":1},"b":{},"_coverageSchema":"1a1c01bbd47fc00a2c39e90264f33305004495a9","hash":"b803f57c5aa0d8a09ef8942f3472092eb1cda459"}
}
