TN:
SF:src/App.tsx
FN:10,App
FNF:1
FNH:1
FNDA:1,App
DA:11,1
LF:1
LH:1
BRF:0
BRH:0
end_of_record
TN:
SF:src/main.tsx
FNF:0
FNH:0
DA:7,0
LF:1
LH:0
BRF:0
BRH:0
end_of_record
TN:
SF:src/assets/data.ts
FNF:0
FNH:0
DA:1,2
LF:1
LH:1
BRF:0
BRH:0
end_of_record
TN:
SF:src/components/add-card-form/Form.tsx
FN:6,AddForm
FN:15,OnSubmit
FN:25,(anonymous_2)
FNF:3
FNH:1
FNDA:1,AddForm
FNDA:0,OnSubmit
FNDA:0,(anonymous_2)
DA:7,1
DA:13,1
DA:16,0
DA:17,0
DA:18,0
DA:19,0
DA:20,0
DA:21,0
DA:24,1
DA:25,0
LF:10
LH:3
BRDA:18,0,0,0
BRDA:18,0,1,0
BRDA:29,1,0,1
BRDA:29,1,1,0
BRDA:29,1,2,0
BRDA:29,1,3,0
BRDA:47,2,0,1
BRDA:47,2,1,0
BRDA:47,2,2,0
BRDA:71,3,0,1
BRDA:71,3,1,0
BRDA:71,3,2,0
BRDA:78,4,0,1
BRDA:78,4,1,0
BRDA:78,4,2,0
BRDA:85,5,0,1
BRDA:85,5,1,0
BRDA:85,5,2,0
BRF:18
BRH:5
end_of_record
TN:
SF:src/components/img/img.tsx
FN:9,Img
FNF:1
FNH:1
FNDA:77,Img
DA:10,77
DA:11,77
LF:2
LH:2
BRF:0
BRH:0
end_of_record
TN:
SF:src/components/layout/Layout.tsx
FN:5,Layout
FNF:1
FNH:1
FNDA:2,Layout
DA:6,2
LF:1
LH:1
BRF:0
BRH:0
end_of_record
TN:
SF:src/components/search-input/search-input.tsx
FN:3,SearchInput
FN:7,(anonymous_1)
FN:8,(anonymous_2)
FN:16,(anonymous_3)
FNF:4
FNH:4
FNDA:6,SearchInput
FNDA:6,(anonymous_1)
FNDA:6,(anonymous_2)
FNDA:1,(anonymous_3)
DA:4,6
DA:5,6
DA:7,6
DA:8,6
DA:9,6
DA:13,6
DA:17,1
LF:7
LH:7
BRDA:5,0,0,6
BRDA:5,0,1,6
BRDA:9,1,0,6
BRDA:9,1,1,5
BRF:4
BRH:4
end_of_record
TN:
SF:src/components/tile/tile.tsx
FN:6,Tile
FNF:1
FNH:1
FNDA:25,Tile
DA:7,25
DA:8,25
DA:10,25
DA:11,25
DA:18,25
LF:5
LH:5
BRF:0
BRH:0
end_of_record
TN:
SF:src/components/tiles-list/tiles-list.tsx
FN:5,TilesList
FN:8,(anonymous_1)
FNF:2
FNH:2
FNDA:4,TilesList
FNDA:24,(anonymous_1)
DA:6,4
DA:9,24
LF:2
LH:2
BRF:0
BRH:0
end_of_record
TN:
SF:src/components/validation-error/validation-error.tsx
FN:3,ValidationError
FNF:1
FNH:0
FNDA:0,ValidationError
DA:4,0
LF:1
LH:0
BRF:0
BRH:0
end_of_record
TN:
SF:src/pages/about/About.tsx
FN:3,About
FNF:1
FNH:1
FNDA:1,About
DA:4,1
LF:1
LH:1
BRF:0
BRH:0
end_of_record
TN:
SF:src/pages/custom/Custom.tsx
FN:6,Custom
FN:9,HandleFormSubmit
FN:10,(anonymous_2)
FNF:3
FNH:1
FNDA:1,Custom
FNDA:0,HandleFormSubmit
FNDA:0,(anonymous_2)
DA:7,1
DA:10,0
DA:13,1
LF:3
LH:2
BRF:0
BRH:0
end_of_record
TN:
SF:src/pages/home/Home.tsx
FN:7,Home
FN:18,getNodes
FNF:2
FNH:2
FNDA:3,Home
FNDA:3,getNodes
DA:8,3
DA:10,3
DA:19,3
LF:3
LH:3
BRF:0
BRH:0
end_of_record
TN:
SF:src/pages/notFound/NotFound.tsx
FN:3,notFound
FNF:1
FNH:1
FNDA:1,notFound
DA:4,1
LF:1
LH:1
BRF:0
BRH:0
end_of_record
TN:
SF:src/types/input.ts
FNF:0
FNH:0
LF:0
LH:0
BRF:0
BRH:0
end_of_record
TN:
SF:src/types/node.ts
FNF:0
FNH:0
LF:0
LH:0
BRF:0
BRH:0
end_of_record
TN:
SF:src/types/validation-error.ts
FNF:0
FNH:0
LF:0
LH:0
BRF:0
BRH:0
end_of_record
