TN:
SF:src/App.tsx
FN:9,App
FNF:1
FNH:1
FNDA:1,App
DA:10,1
LF:1
LH:1
BRF:0
BRH:0
end_of_record
TN:
SF:src/main.tsx
FNF:0
FNH:0
DA:7,0
LF:1
LH:0
BRF:0
BRH:0
end_of_record
TN:
SF:src/assets/data.ts
FNF:0
FNH:0
DA:1,2
LF:1
LH:1
BRF:0
BRH:0
end_of_record
TN:
SF:src/components/img/img.tsx
FN:10,(anonymous_0)
FNF:1
FNH:1
FNDA:77,(anonymous_0)
DA:11,77
DA:12,77
LF:2
LH:2
BRF:0
BRH:0
end_of_record
TN:
SF:src/components/layout/Layout.tsx
FN:6,(anonymous_0)
FNF:1
FNH:1
FNDA:2,(anonymous_0)
DA:7,2
LF:1
LH:1
BRF:0
BRH:0
end_of_record
TN:
SF:src/components/search-input/search-input.tsx
FN:4,(anonymous_0)
FN:9,(anonymous_1)
FNF:2
FNH:2
FNDA:5,(anonymous_0)
FNDA:1,(anonymous_1)
DA:5,5
DA:6,5
DA:10,1
LF:3
LH:3
BRDA:10,0,0,1
BRDA:10,0,1,0
BRDA:12,1,0,5
BRDA:12,1,1,5
BRF:4
BRH:3
end_of_record
TN:
SF:src/components/tile/tile.tsx
FN:18,(anonymous_0)
FNF:1
FNH:1
FNDA:25,(anonymous_0)
DA:19,25
DA:20,25
DA:22,25
DA:23,25
DA:30,25
LF:5
LH:5
BRF:0
BRH:0
end_of_record
TN:
SF:src/pages/about/About.tsx
FN:4,(anonymous_0)
FNF:1
FNH:1
FNDA:1,(anonymous_0)
DA:5,1
LF:1
LH:1
BRF:0
BRH:0
end_of_record
TN:
SF:src/pages/home/Home.tsx
FN:9,(anonymous_0)
FN:14,(anonymous_1)
FN:23,getNodes
FNF:3
FNH:3
FNDA:3,(anonymous_0)
FNDA:24,(anonymous_1)
FNDA:3,getNodes
DA:7,3
DA:10,3
DA:15,24
DA:24,3
LF:4
LH:4
BRF:0
BRH:0
end_of_record
TN:
SF:src/pages/notFound/NotFound.tsx
FN:4,(anonymous_0)
FNF:1
FNH:1
FNDA:1,(anonymous_0)
DA:5,1
LF:1
LH:1
BRF:0
BRH:0
end_of_record
